# JRE version: OpenJDK Runtime Environment (21.0.10) (build 21.0.10+-14961533-b1163.108)
# Java VM: OpenJDK 64-Bit Server VM (21.0.10+-14961533-b1163.108, mixed mode, tiered, compressed oops, compressed class ptrs, g1 gc, windows-amd64)
GC Precious Log:
 CardTable entry size: 512
 Card Set container configuration: InlinePtr #cards 5 size 8 Array Of Cards #cards 12 size 40 Howl #buckets 4 coarsen threshold 1843 Howl Bitmap #cards 512 size 80 coarsen threshold 460 Card regions per heap region 1 cards per card region 2048
 CPUs: 12 total, 12 available
 Memory: 16225M
 Large Page Support: Disabled
 NUMA Support: Disabled
 Compressed Oops: Enabled (32-bit)
 Heap Region Size: 1M
 Heap Min Capacity: 8M
 Heap Initial Capacity: 254M
 Heap Max Capacity: 2G
 Pre-touch: Disabled
 Parallel Workers: 10
 Concurrent Workers: 3
 Concurrent Refinement Workers: 10
 Periodic GC: Disabled
Heap:
 garbage-first heap   total 114688K, used 70835K [0x0000000080000000, 0x0000000100000000)
  region size 1024K, 5 young (5120K), 5 survivors (5120K)
 Metaspace       used 72585K, committed 74432K, reserved 1114112K
  class space    used 10338K, committed 11264K, reserved 1048576K
GC Heap History (20 events):
Event: 1.740 GC heap after
{Heap after GC invocations=9 (full 0):
 garbage-first heap   total 83968K, used 27944K [0x0000000080000000, 0x0000000100000000)
  region size 1024K, 5 young (5120K), 5 survivors (5120K)
 Metaspace       used 41026K, committed 42048K, reserved 1114112K
  class space    used 5625K, committed 6144K, reserved 1048576K
}
Event: 1.992 GC heap before
{Heap before GC invocations=9 (full 0):
 garbage-first heap   total 83968K, used 67880K [0x0000000080000000, 0x0000000100000000)
  region size 1024K, 45 young (46080K), 5 survivors (5120K)
 Metaspace       used 47228K, committed 48512K, reserved 1114112K
  class space    used 6549K, committed 7168K, reserved 1048576K
}
Event: 1.995 GC heap after
{Heap after GC invocations=10 (full 0):
 garbage-first heap   total 83968K, used 31236K [0x0000000080000000, 0x0000000100000000)
  region size 1024K, 6 young (6144K), 6 survivors (6144K)
 Metaspace       used 47228K, committed 48512K, reserved 1114112K
  class space    used 6549K, committed 7168K, reserved 1048576K
}
Event: 2.266 GC heap before
{Heap before GC invocations=10 (full 0):
 garbage-first heap   total 83968K, used 70148K [0x0000000080000000, 0x0000000100000000)
  region size 1024K, 44 young (45056K), 6 survivors (6144K)
 Metaspace       used 52769K, committed 54208K, reserved 1114112K
  class space    used 7385K, committed 8064K, reserved 1048576K
}
Event: 2.271 GC heap after
{Heap after GC invocations=11 (full 0):
 garbage-first heap   total 101376K, used 34228K [0x0000000080000000, 0x0000000100000000)
  region size 1024K, 6 young (6144K), 6 survivors (6144K)
 Metaspace       used 52769K, committed 54208K, reserved 1114112K
  class space    used 7385K, committed 8064K, reserved 1048576K
}
Event: 2.609 GC heap before
{Heap before GC invocations=11 (full 0):
 garbage-first heap   total 101376K, used 84404K [0x0000000080000000, 0x0000000100000000)
  region size 1024K, 54 young (55296K), 6 survivors (6144K)
 Metaspace       used 56854K, committed 58496K, reserved 1114112K
  class space    used 8044K, committed 8832K, reserved 1048576K
}
Event: 2.612 GC heap after
{Heap after GC invocations=12 (full 0):
 garbage-first heap   total 101376K, used 42647K [0x0000000080000000, 0x0000000100000000)
  region size 1024K, 7 young (7168K), 7 survivors (7168K)
 Metaspace       used 56854K, committed 58496K, reserved 1114112K
  class space    used 8044K, committed 8832K, reserved 1048576K
}
Event: 2.720 GC heap before
{Heap before GC invocations=12 (full 0):
 garbage-first heap   total 101376K, used 69271K [0x0000000080000000, 0x0000000100000000)
  region size 1024K, 34 young (34816K), 7 survivors (7168K)
 Metaspace       used 58622K, committed 60288K, reserved 1114112K
  class space    used 8337K, committed 9152K, reserved 1048576K
}
Event: 2.723 GC heap after
{Heap after GC invocations=13 (full 0):
 garbage-first heap   total 101376K, used 44451K [0x0000000080000000, 0x0000000100000000)
  region size 1024K, 2 young (2048K), 2 survivors (2048K)
 Metaspace       used 58622K, committed 60288K, reserved 1114112K
  class space    used 8337K, committed 9152K, reserved 1048576K
}
Event: 3.006 GC heap before
{Heap before GC invocations=14 (full 0):
 garbage-first heap   total 101376K, used 86435K [0x0000000080000000, 0x0000000100000000)
  region size 1024K, 44 young (45056K), 2 survivors (2048K)
 Metaspace       used 64146K, committed 65920K, reserved 1114112K
  class space    used 9129K, committed 9984K, reserved 1048576K
}
Event: 3.008 GC heap after
{Heap after GC invocations=15 (full 0):
 garbage-first heap   total 101376K, used 46291K [0x0000000080000000, 0x0000000100000000)
  region size 1024K, 4 young (4096K), 4 survivors (4096K)
 Metaspace       used 64146K, committed 65920K, reserved 1114112K
  class space    used 9129K, committed 9984K, reserved 1048576K
}
Event: 3.236 GC heap before
{Heap before GC invocations=15 (full 0):
 garbage-first heap   total 101376K, used 88275K [0x0000000080000000, 0x0000000100000000)
  region size 1024K, 45 young (46080K), 4 survivors (4096K)
 Metaspace       used 69744K, committed 71616K, reserved 1114112K
  class space    used 10035K, committed 10944K, reserved 1048576K
}
Event: 3.239 GC heap after
{Heap after GC invocations=16 (full 0):
 garbage-first heap   total 101376K, used 47917K [0x0000000080000000, 0x0000000100000000)
  region size 1024K, 5 young (5120K), 5 survivors (5120K)
 Metaspace       used 69744K, committed 71616K, reserved 1114112K
  class space    used 10035K, committed 10944K, reserved 1048576K
}
Event: 3.497 GC heap before
{Heap before GC invocations=16 (full 0):
 garbage-first heap   total 101376K, used 89901K [0x0000000080000000, 0x0000000100000000)
  region size 1024K, 47 young (48128K), 5 survivors (5120K)
 Metaspace       used 71233K, committed 73152K, reserved 1114112K
  class space    used 10219K, committed 11136K, reserved 1048576K
}
Event: 3.500 GC heap after
{Heap after GC invocations=17 (full 0):
 garbage-first heap   total 101376K, used 52317K [0x0000000080000000, 0x0000000100000000)
  region size 1024K, 6 young (6144K), 6 survivors (6144K)
 Metaspace       used 71233K, committed 73152K, reserved 1114112K
  class space    used 10219K, committed 11136K, reserved 1048576K
}
Event: 3.557 GC heap before
{Heap before GC invocations=17 (full 0):
 garbage-first heap   total 101376K, used 89181K [0x0000000080000000, 0x0000000100000000)
  region size 1024K, 43 young (44032K), 6 survivors (6144K)
 Metaspace       used 71486K, committed 73344K, reserved 1114112K
  class space    used 10219K, committed 11136K, reserved 1048576K
}
Event: 3.560 GC heap after
{Heap after GC invocations=18 (full 0):
 garbage-first heap   total 101376K, used 54648K [0x0000000080000000, 0x0000000100000000)
  region size 1024K, 3 young (3072K), 3 survivors (3072K)
 Metaspace       used 71486K, committed 73344K, reserved 1114112K
  class space    used 10219K, committed 11136K, reserved 1048576K
}
Event: 3.611 GC heap before
{Heap before GC invocations=19 (full 0):
 garbage-first heap   total 101376K, used 90488K [0x0000000080000000, 0x0000000100000000)
  region size 1024K, 39 young (39936K), 3 survivors (3072K)
 Metaspace       used 71573K, committed 73472K, reserved 1114112K
  class space    used 10220K, committed 11136K, reserved 1048576K
}
Event: 3.612 GC heap after
{Heap after GC invocations=20 (full 0):
 garbage-first heap   total 101376K, used 55856K [0x0000000080000000, 0x0000000100000000)
  region size 1024K, 5 young (5120K), 5 survivors (5120K)
 Metaspace       used 71573K, committed 73472K, reserved 1114112K
  class space    used 10220K, committed 11136K, reserved 1048576K
}
Event: 3.744 GC heap before
{Heap before GC invocations=20 (full 0):
 garbage-first heap   total 101376K, used 98864K [0x0000000080000000, 0x0000000100000000)
  region size 1024K, 40 young (40960K), 5 survivors (5120K)
 Metaspace       used 72585K, committed 74432K, reserved 1114112K
  class space    used 10338K, committed 11264K, reserved 1048576K
}

